<?xml version="1.0" encoding="UTF-8"?>
<testng-results skipped="0" failed="0" ignored="0" total="1" passed="1">
  <reporter-output>
  </reporter-output>
  <suite name="Default suite" duration-ms="23873" started-at="2020-08-10T14:29:56Z" finished-at="2020-08-10T14:30:20Z">
    <groups>
    </groups>
    <test name="Default test" duration-ms="23873" started-at="2020-08-10T14:29:56Z" finished-at="2020-08-10T14:30:20Z">
      <class name="BarCodeTest">
        <test-method status="PASS" signature="barCodeTest()[pri:0, instance:BarCodeTest@6f7fd0e6]" name="barCodeTest" duration-ms="23832" started-at="2020-08-10T14:29:56Z" finished-at="2020-08-10T14:30:20Z">
          <reporter-output>
          </reporter-output>
        </test-method> <!-- barCodeTest -->
      </class> <!-- BarCodeTest -->
    </test> <!-- Default test -->
  </suite> <!-- Default suite -->
</testng-results>
