<?xml version="1.0" encoding="UTF-8"?>
<!-- Generated by org.testng.reporters.JUnitXMLReporter -->
<testsuite hostname="DESKTOP-39UJIFT" ignored="0" tests="1" failures="1" timestamp="22 Jul 2020 12:57:54 GMT" time="14.211" errors="0">
  <testcase name="@AfterMethod tearDown" time="0.003" classname="ExtentRoptSCRShot">
    <failure type="java.lang.NullPointerException">
      <![CDATA[java.lang.NullPointerException
	at ExtentRoptSCRShot.tearDown(ExtentRoptSCRShot.java:93)
... Removed 27 stack frames]]>
    </failure>
  </testcase> <!-- @AfterMethod tearDown -->
  <testcase name="@AfterTest endReport" time="0.0" classname="ExtentRoptSCRShot">
    <skipped/>
  </testcase> <!-- @AfterTest endReport -->
  <testcase name="getTitlteTest" time="0.034" classname="ExtentRoptSCRShot">
    <failure type="java.lang.AssertionError" message="expected [JavaByKiran | Log in1] but found [JavaByKiran | Log in]">
      <![CDATA[java.lang.AssertionError: expected [JavaByKiran | Log in1] but found [JavaByKiran | Log in]
	at ExtentRoptSCRShot.getTitlteTest(ExtentRoptSCRShot.java:84)
... Removed 31 stack frames]]>
    </failure>
  </testcase> <!-- getTitlteTest -->
</testsuite>
